Flow report for Mastermind
Thu Dec 03 09:24:15 2015
Quartus II 64-Bit Version 13.0.0 Build 156 04/24/2013 SJ Web Edition


---------------------
; Table of Contents ;
---------------------
  1. Legal Notice
  2. Flow Summary
  3. Flow Settings
  4. Flow Non-Default Global Settings
  5. Flow Elapsed Time
  6. Flow OS Summary
  7. Flow Log
  8. Flow Messages
  9. Flow Suppressed Messages



----------------
; Legal Notice ;
----------------
Copyright (C) 1991-2013 Altera Corporation
Your use of Altera Corporation's design tools, logic functions 
and other software and tools, and its AMPP partner logic 
functions, and any output files from any of the foregoing 
(including device programming or simulation files), and any 
associated documentation or information are expressly subject 
to the terms and conditions of the Altera Program License 
Subscription Agreement, Altera MegaCore Function License 
Agreement, or other applicable license agreement, including, 
without limitation, that your use is for the sole purpose of 
programming logic devices manufactured by Altera and sold by 
Altera or its authorized distributors.  Please refer to the 
applicable agreement for further details.



+---------------------------------------------------------------------------------+
; Flow Summary                                                                    ;
+------------------------------------+--------------------------------------------+
; Flow Status                        ; Successful - Thu Dec 03 09:24:13 2015      ;
; Quartus II 64-Bit Version          ; 13.0.0 Build 156 04/24/2013 SJ Web Edition ;
; Revision Name                      ; Mastermind                                 ;
; Top-level Entity Name              ; Mastermind                                 ;
; Family                             ; Cyclone II                                 ;
; Device                             ; EP2C35F672C6                               ;
; Timing Models                      ; Final                                      ;
; Total logic elements               ; 839 / 33,216 ( 3 % )                       ;
;     Total combinational functions  ; 832 / 33,216 ( 3 % )                       ;
;     Dedicated logic registers      ; 189 / 33,216 ( < 1 % )                     ;
; Total registers                    ; 189                                        ;
; Total pins                         ; 85 / 475 ( 18 % )                          ;
; Total virtual pins                 ; 0                                          ;
; Total memory bits                  ; 24,044 / 483,840 ( 5 % )                   ;
; Embedded Multiplier 9-bit elements ; 0 / 70 ( 0 % )                             ;
; Total PLLs                         ; 1 / 4 ( 25 % )                             ;
+------------------------------------+--------------------------------------------+


+-----------------------------------------+
; Flow Settings                           ;
+-------------------+---------------------+
; Option            ; Setting             ;
+-------------------+---------------------+
; Start date & time ; 12/03/2015 09:23:53 ;
; Main task         ; Compilation         ;
; Revision Name     ; Mastermind          ;
+-------------------+---------------------+


+------------------------------------------------------------------------------------------------------------------------+
; Flow Non-Default Global Settings                                                                                       ;
+-------------------------------------+---------------------------------------+---------------+-------------+------------+
; Assignment Name                     ; Value                                 ; Default Value ; Entity Name ; Section Id ;
+-------------------------------------+---------------------------------------+---------------+-------------+------------+
; COMPILER_SIGNATURE_ID               ; 167746773032011.144916343304968       ; --            ; --          ; --         ;
; IP_TOOL_NAME                        ; RAM: 1-PORT                           ; --            ; --          ; --         ;
; IP_TOOL_NAME                        ; LPM_COUNTER                           ; --            ; --          ; --         ;
; IP_TOOL_NAME                        ; ROM: 1-PORT                           ; --            ; --          ; --         ;
; IP_TOOL_VERSION                     ; 13.0                                  ; --            ; --          ; --         ;
; IP_TOOL_VERSION                     ; 13.0                                  ; --            ; --          ; --         ;
; IP_TOOL_VERSION                     ; 13.0                                  ; --            ; --          ; --         ;
; MAX_CORE_JUNCTION_TEMP              ; 85                                    ; --            ; --          ; --         ;
; MIN_CORE_JUNCTION_TEMP              ; 0                                     ; --            ; --          ; --         ;
; MISC_FILE                           ; Register File/tries_randoms.bsf       ; --            ; --          ; --         ;
; MISC_FILE                           ; Register File/tries_randoms_inst.v    ; --            ; --          ; --         ;
; MISC_FILE                           ; Register File/tries_randoms_bb.v      ; --            ; --          ; --         ;
; MISC_FILE                           ; Register File/tries_randoms.cmp       ; --            ; --          ; --         ;
; MISC_FILE                           ; bit_12_counter.bsf                    ; --            ; --          ; --         ;
; MISC_FILE                           ; bit_12_counter_inst.vhd               ; --            ; --          ; --         ;
; MISC_FILE                           ; bit_12_counter.inc                    ; --            ; --          ; --         ;
; MISC_FILE                           ; bit_12_counter.cmp                    ; --            ; --          ; --         ;
; MISC_FILE                           ; Register File/rf_green.bsf            ; --            ; --          ; --         ;
; MISC_FILE                           ; Register File/rf_green_inst.v         ; --            ; --          ; --         ;
; MISC_FILE                           ; Register File/rf_green_bb.v           ; --            ; --          ; --         ;
; MISC_FILE                           ; Register File/rf_green.cmp            ; --            ; --          ; --         ;
; PARTITION_COLOR                     ; 16764057                              ; --            ; --          ; Top        ;
; PARTITION_FITTER_PRESERVATION_LEVEL ; PLACEMENT_AND_ROUTING                 ; --            ; --          ; Top        ;
; PARTITION_NETLIST_TYPE              ; SOURCE                                ; --            ; --          ; Top        ;
; POWER_BOARD_THERMAL_MODEL           ; None (CONSERVATIVE)                   ; --            ; --          ; --         ;
; POWER_PRESET_COOLING_SOLUTION       ; 23 MM HEAT SINK WITH 200 LFPM AIRFLOW ; --            ; --          ; --         ;
+-------------------------------------+---------------------------------------+---------------+-------------+------------+


+-------------------------------------------------------------------------------------------------------------------------------+
; Flow Elapsed Time                                                                                                             ;
+---------------------------+--------------+-------------------------+---------------------+------------------------------------+
; Module Name               ; Elapsed Time ; Average Processors Used ; Peak Virtual Memory ; Total CPU Time (on all processors) ;
+---------------------------+--------------+-------------------------+---------------------+------------------------------------+
; Analysis & Synthesis      ; 00:00:07     ; 1.0                     ; 523 MB              ; 00:00:07                           ;
; Fitter                    ; 00:00:08     ; 1.4                     ; 1094 MB             ; 00:00:11                           ;
; Assembler                 ; 00:00:02     ; 1.0                     ; 432 MB              ; 00:00:02                           ;
; TimeQuest Timing Analyzer ; 00:00:01     ; 1.0                     ; 456 MB              ; 00:00:01                           ;
; Total                     ; 00:00:18     ; --                      ; --                  ; 00:00:21                           ;
+---------------------------+--------------+-------------------------+---------------------+------------------------------------+


+----------------------------------------------------------------------------------------+
; Flow OS Summary                                                                        ;
+---------------------------+------------------+-----------+------------+----------------+
; Module Name               ; Machine Hostname ; OS Name   ; OS Version ; Processor type ;
+---------------------------+------------------+-----------+------------+----------------+
; Analysis & Synthesis      ; TBEA311-11       ; Windows 7 ; 6.1        ; x86_64         ;
; Fitter                    ; TBEA311-11       ; Windows 7 ; 6.1        ; x86_64         ;
; Assembler                 ; TBEA311-11       ; Windows 7 ; 6.1        ; x86_64         ;
; TimeQuest Timing Analyzer ; TBEA311-11       ; Windows 7 ; 6.1        ; x86_64         ;
+---------------------------+------------------+-----------+------------+----------------+


------------
; Flow Log ;
------------
quartus_map --read_settings_files=on --write_settings_files=off Mastermind -c Mastermind
quartus_fit --read_settings_files=off --write_settings_files=off Mastermind -c Mastermind
quartus_asm --read_settings_files=off --write_settings_files=off Mastermind -c Mastermind
quartus_sta Mastermind -c Mastermind



